app/build/intermediates/manifest_merge_blame_file/debug/manifest-merger-blame-debug-report 5.txt
1<?xml version="1.0" encoding="utf-8"?>
2<manifest xmlns:android="http://schemas.android.com/apk/res/android"
3    package="com.example.myapplication"
4    android:versionCode="1"
5    android:versionName="1.0" >
6
7    <uses-sdk
8        android:minSdkVersion="33"
9        android:targetSdkVersion="34" />
10
11    <!-- Although the *SdkVersion is captured in gradle build files, this is required for non gradle builds -->
12    <!-- <uses-sdk android:minSdkVersion="14"/> -->
13    <uses-permission android:name="android.permission.ACCESS_NETWORK_STATE" />
13-->[com.google.firebase:firebase-database:20.3.0] AndroidManifest.xml:22:5-79
13-->[com.google.firebase:firebase-database:20.3.0] AndroidManifest.xml:22:22-76
14    <uses-permission android:name="android.permission.INTERNET" />
14-->[com.google.firebase:firebase-database:20.3.0] AndroidManifest.xml:23:5-67
14-->[com.google.firebase:firebase-database:20.3.0] AndroidManifest.xml:23:22-64
15
16    <permission
16-->[androidx.core:core:1.9.0] AndroidManifest.xml:22:5-24:47
17        android:name="com.example.myapplication.DYNAMIC_RECEIVER_NOT_EXPORTED_PERMISSION"
17-->[androidx.core:core:1.9.0] AndroidManifest.xml:23:9-81
18        android:protectionLevel="signature" />
18-->[androidx.core:core:1.9.0] AndroidManifest.xml:24:9-44
19
20    <uses-permission android:name="com.example.myapplication.DYNAMIC_RECEIVER_NOT_EXPORTED_PERMISSION" />
20-->[androidx.core:core:1.9.0] AndroidManifest.xml:26:5-97
20-->[androidx.core:core:1.9.0] AndroidManifest.xml:26:22-94
21    <!--
22The manifest function handles the activities' jump. It determines the starting page and
23    each valid paged to jump to/from in the app
24    -->
25    <application
25-->src/main/AndroidManifest.xml:7:5-74:19
26        android:allowBackup="true"
26-->src/main/AndroidManifest.xml:8:9-35
27        android:appComponentFactory="androidx.core.app.CoreComponentFactory"
27-->[androidx.core:core:1.9.0] AndroidManifest.xml:28:18-86
28        android:dataExtractionRules="@xml/data_extraction_rules"
28-->src/main/AndroidManifest.xml:9:9-65
29        android:debuggable="true"
30        android:extractNativeLibs="false"
31        android:fullBackupContent="@xml/backup_rules"
31-->src/main/AndroidManifest.xml:10:9-54
32        android:icon="@mipmap/ic_launcher"
32-->src/main/AndroidManifest.xml:11:9-43
33        android:label="@string/app_name"
33-->src/main/AndroidManifest.xml:12:9-41
34        android:roundIcon="@mipmap/ic_launcher_round"
34-->src/main/AndroidManifest.xml:13:9-54
35        android:supportsRtl="true"
35-->src/main/AndroidManifest.xml:14:9-35
36        android:theme="@style/Theme.MyApplication" >
36-->src/main/AndroidManifest.xml:15:9-51
37        <activity
37-->src/main/AndroidManifest.xml:17:9-19:39
38            android:name="com.example.myapplication.AdminGenerateAnnouncement"
38-->src/main/AndroidManifest.xml:18:13-54
39            android:exported="true" />
39-->src/main/AndroidManifest.xml:19:13-36
40        <activity
40-->src/main/AndroidManifest.xml:20:9-22:39
41            android:name="com.example.myapplication.AdminGenerateEvents"
41-->src/main/AndroidManifest.xml:21:13-48
42            android:exported="true" />
42-->src/main/AndroidManifest.xml:22:13-36
43        <activity
43-->src/main/AndroidManifest.xml:23:9-25:39
44            android:name="com.example.myapplication.AdminViewComplains"
44-->src/main/AndroidManifest.xml:24:13-46
45            android:exported="true" />
45-->src/main/AndroidManifest.xml:25:13-36
46        <activity
46-->src/main/AndroidManifest.xml:26:9-28:39
47            android:name="com.example.myapplication.AdminViewEvents"
47-->src/main/AndroidManifest.xml:27:13-43
48            android:exported="true" />
48-->src/main/AndroidManifest.xml:28:13-36
49        <activity
49-->src/main/AndroidManifest.xml:29:9-31:39
50            android:name="com.example.myapplication.AdminViewEventDetail"
50-->src/main/AndroidManifest.xml:30:13-49
51            android:exported="true" />
51-->src/main/AndroidManifest.xml:31:13-36
52        <activity
52-->src/main/AndroidManifest.xml:32:9-34:39
53            android:name="com.example.myapplication.AdminOperations"
53-->src/main/AndroidManifest.xml:33:13-44
54            android:exported="true" />
54-->src/main/AndroidManifest.xml:34:13-36
55        <activity
55-->src/main/AndroidManifest.xml:35:9-37:39
56            android:name="com.example.myapplication.StudentChooseCommentEvents"
56-->src/main/AndroidManifest.xml:36:13-55
57            android:exported="true" />
57-->src/main/AndroidManifest.xml:37:13-36
58        <activity
58-->src/main/AndroidManifest.xml:38:9-40:39
59            android:name="com.example.myapplication.StudentCommentEvent"
59-->src/main/AndroidManifest.xml:39:13-48
60            android:exported="true" />
60-->src/main/AndroidManifest.xml:40:13-36
61        <activity
61-->src/main/AndroidManifest.xml:41:9-43:39
62            android:name="com.example.myapplication.StudentViewAnnouncementEvent"
62-->src/main/AndroidManifest.xml:42:13-57
63            android:exported="true" />
63-->src/main/AndroidManifest.xml:43:13-36
64        <activity
64-->src/main/AndroidManifest.xml:44:9-46:39
65            android:name="com.example.myapplication.StudentViewRSVPEvents"
65-->src/main/AndroidManifest.xml:45:13-50
66            android:exported="true" />
66-->src/main/AndroidManifest.xml:46:13-36
67        <activity
67-->src/main/AndroidManifest.xml:47:9-49:39
68            android:name="com.example.myapplication.StudentSignupRSVPEvent"
68-->src/main/AndroidManifest.xml:48:13-51
69            android:exported="true" />
69-->src/main/AndroidManifest.xml:49:13-36
70        <activity
70-->src/main/AndroidManifest.xml:50:9-52:39
71            android:name="com.example.myapplication.StudentGenerateComplaint"
71-->src/main/AndroidManifest.xml:51:13-53
72            android:exported="true" />
72-->src/main/AndroidManifest.xml:52:13-36
73        <activity
73-->src/main/AndroidManifest.xml:53:9-55:39
74            android:name="com.example.myapplication.StudentCheckQualification"
74-->src/main/AndroidManifest.xml:54:13-54
75            android:exported="true" />
75-->src/main/AndroidManifest.xml:55:13-36
76        <activity
76-->src/main/AndroidManifest.xml:56:9-58:39
77            android:name="com.example.myapplication.StudentCheckQualificationQuestions"
77-->src/main/AndroidManifest.xml:57:13-63
78            android:exported="true" />
78-->src/main/AndroidManifest.xml:58:13-36
79        <activity
79-->src/main/AndroidManifest.xml:59:9-61:39
80            android:name="com.example.myapplication.StudentOperations"
80-->src/main/AndroidManifest.xml:60:13-46
81            android:exported="true" />
81-->src/main/AndroidManifest.xml:61:13-36
82        <activity
82-->src/main/AndroidManifest.xml:62:9-64:39
83            android:name="com.example.myapplication.RegisterActivity"
83-->src/main/AndroidManifest.xml:63:13-45
84            android:exported="true" />
84-->src/main/AndroidManifest.xml:64:13-36
85        <activity
85-->src/main/AndroidManifest.xml:65:9-73:20
86            android:name="com.example.myapplication.MainActivity"
86-->src/main/AndroidManifest.xml:66:13-41
87            android:exported="true" >
87-->src/main/AndroidManifest.xml:67:13-36
88            <intent-filter>
88-->src/main/AndroidManifest.xml:68:13-72:29
89                <action android:name="android.intent.action.MAIN" />
89-->src/main/AndroidManifest.xml:69:17-69
89-->src/main/AndroidManifest.xml:69:25-66
90
91                <category android:name="android.intent.category.LAUNCHER" />
91-->src/main/AndroidManifest.xml:71:17-77
91-->src/main/AndroidManifest.xml:71:27-74
92            </intent-filter>
93        </activity>
94
95        <service
95-->[com.google.firebase:firebase-database:20.3.0] AndroidManifest.xml:26:9-35:19
96            android:name="com.google.firebase.components.ComponentDiscoveryService"
96-->[com.google.firebase:firebase-database:20.3.0] AndroidManifest.xml:27:13-84
97            android:directBootAware="true"
97-->[com.google.firebase:firebase-common:20.4.2] AndroidManifest.xml:32:13-43
98            android:exported="false" >
98-->[com.google.firebase:firebase-database:20.3.0] AndroidManifest.xml:28:13-37
99            <meta-data
99-->[com.google.firebase:firebase-database:20.3.0] AndroidManifest.xml:29:13-31:85
100                android:name="com.google.firebase.components:com.google.firebase.database.FirebaseDatabaseKtxRegistrar"
100-->[com.google.firebase:firebase-database:20.3.0] AndroidManifest.xml:30:17-120
101                android:value="com.google.firebase.components.ComponentRegistrar" />
101-->[com.google.firebase:firebase-database:20.3.0] AndroidManifest.xml:31:17-82
102            <meta-data
102-->[com.google.firebase:firebase-database:20.3.0] AndroidManifest.xml:32:13-34:85
103                android:name="com.google.firebase.components:com.google.firebase.database.DatabaseRegistrar"
103-->[com.google.firebase:firebase-database:20.3.0] AndroidManifest.xml:33:17-109
104                android:value="com.google.firebase.components.ComponentRegistrar" />
104-->[com.google.firebase:firebase-database:20.3.0] AndroidManifest.xml:34:17-82
105            <meta-data
105-->[com.google.firebase:firebase-auth:22.3.0] AndroidManifest.xml:69:13-71:85
106                android:name="com.google.firebase.components:com.google.firebase.auth.FirebaseAuthRegistrar"
106-->[com.google.firebase:firebase-auth:22.3.0] AndroidManifest.xml:70:17-109
107                android:value="com.google.firebase.components.ComponentRegistrar" />
107-->[com.google.firebase:firebase-auth:22.3.0] AndroidManifest.xml:71:17-82
108            <meta-data
108-->[com.google.firebase:firebase-common-ktx:20.4.2] AndroidManifest.xml:12:13-14:85
109                android:name="com.google.firebase.components:com.google.firebase.ktx.FirebaseCommonLegacyRegistrar"
109-->[com.google.firebase:firebase-common-ktx:20.4.2] AndroidManifest.xml:13:17-116
110                android:value="com.google.firebase.components.ComponentRegistrar" />
110-->[com.google.firebase:firebase-common-ktx:20.4.2] AndroidManifest.xml:14:17-82
111            <meta-data
111-->[com.google.firebase:firebase-common:20.4.2] AndroidManifest.xml:35:13-37:85
112                android:name="com.google.firebase.components:com.google.firebase.FirebaseCommonKtxRegistrar"
112-->[com.google.firebase:firebase-common:20.4.2] AndroidManifest.xml:36:17-109
113                android:value="com.google.firebase.components.ComponentRegistrar" />
113-->[com.google.firebase:firebase-common:20.4.2] AndroidManifest.xml:37:17-82
114        </service>
115
116        <activity
116-->[com.google.firebase:firebase-auth:22.3.0] AndroidManifest.xml:29:9-46:20
117            android:name="com.google.firebase.auth.internal.GenericIdpActivity"
117-->[com.google.firebase:firebase-auth:22.3.0] AndroidManifest.xml:30:13-80
118            android:excludeFromRecents="true"
118-->[com.google.firebase:firebase-auth:22.3.0] AndroidManifest.xml:31:13-46
119            android:exported="true"
119-->[com.google.firebase:firebase-auth:22.3.0] AndroidManifest.xml:32:13-36
120            android:launchMode="singleTask"
120-->[com.google.firebase:firebase-auth:22.3.0] AndroidManifest.xml:33:13-44
121            android:theme="@android:style/Theme.Translucent.NoTitleBar" >
121-->[com.google.firebase:firebase-auth:22.3.0] AndroidManifest.xml:34:13-72
122            <intent-filter>
122-->[com.google.firebase:firebase-auth:22.3.0] AndroidManifest.xml:35:13-45:29
123                <action android:name="android.intent.action.VIEW" />
123-->[com.google.firebase:firebase-auth:22.3.0] AndroidManifest.xml:36:17-69
123-->[com.google.firebase:firebase-auth:22.3.0] AndroidManifest.xml:36:25-66
124
125                <category android:name="android.intent.category.DEFAULT" />
125-->[com.google.firebase:firebase-auth:22.3.0] AndroidManifest.xml:38:17-76
125-->[com.google.firebase:firebase-auth:22.3.0] AndroidManifest.xml:38:27-73
126                <category android:name="android.intent.category.BROWSABLE" />
126-->[com.google.firebase:firebase-auth:22.3.0] AndroidManifest.xml:39:17-78
126-->[com.google.firebase:firebase-auth:22.3.0] AndroidManifest.xml:39:27-75
127
128                <data
128-->[com.google.firebase:firebase-auth:22.3.0] AndroidManifest.xml:41:17-44:51
129                    android:host="firebase.auth"
129-->[com.google.firebase:firebase-auth:22.3.0] AndroidManifest.xml:42:21-49
130                    android:path="/"
130-->[com.google.firebase:firebase-auth:22.3.0] AndroidManifest.xml:43:21-37
131                    android:scheme="genericidp" />
131-->[com.google.firebase:firebase-auth:22.3.0] AndroidManifest.xml:44:21-48
132            </intent-filter>
133        </activity>
134        <activity
134-->[com.google.firebase:firebase-auth:22.3.0] AndroidManifest.xml:47:9-64:20
135            android:name="com.google.firebase.auth.internal.RecaptchaActivity"
135-->[com.google.firebase:firebase-auth:22.3.0] AndroidManifest.xml:48:13-79
136            android:excludeFromRecents="true"
136-->[com.google.firebase:firebase-auth:22.3.0] AndroidManifest.xml:49:13-46
137            android:exported="true"
137-->[com.google.firebase:firebase-auth:22.3.0] AndroidManifest.xml:50:13-36
138            android:launchMode="singleTask"
138-->[com.google.firebase:firebase-auth:22.3.0] AndroidManifest.xml:51:13-44
139            android:theme="@android:style/Theme.Translucent.NoTitleBar" >
139-->[com.google.firebase:firebase-auth:22.3.0] AndroidManifest.xml:52:13-72
140            <intent-filter>
140-->[com.google.firebase:firebase-auth:22.3.0] AndroidManifest.xml:53:13-63:29
141                <action android:name="android.intent.action.VIEW" />
141-->[com.google.firebase:firebase-auth:22.3.0] AndroidManifest.xml:36:17-69
141-->[com.google.firebase:firebase-auth:22.3.0] AndroidManifest.xml:36:25-66
142
143                <category android:name="android.intent.category.DEFAULT" />
143-->[com.google.firebase:firebase-auth:22.3.0] AndroidManifest.xml:38:17-76
143-->[com.google.firebase:firebase-auth:22.3.0] AndroidManifest.xml:38:27-73
144                <category android:name="android.intent.category.BROWSABLE" />
144-->[com.google.firebase:firebase-auth:22.3.0] AndroidManifest.xml:39:17-78
144-->[com.google.firebase:firebase-auth:22.3.0] AndroidManifest.xml:39:27-75
145
146                <data
146-->[com.google.firebase:firebase-auth:22.3.0] AndroidManifest.xml:41:17-44:51
147                    android:host="firebase.auth"
147-->[com.google.firebase:firebase-auth:22.3.0] AndroidManifest.xml:42:21-49
148                    android:path="/"
148-->[com.google.firebase:firebase-auth:22.3.0] AndroidManifest.xml:43:21-37
149                    android:scheme="recaptcha" />
149-->[com.google.firebase:firebase-auth:22.3.0] AndroidManifest.xml:44:21-48
150            </intent-filter>
151        </activity>
152
153        <provider
153-->[androidx.emoji2:emoji2:1.2.0] AndroidManifest.xml:24:9-32:20
154            android:name="androidx.startup.InitializationProvider"
154-->[androidx.emoji2:emoji2:1.2.0] AndroidManifest.xml:25:13-67
155            android:authorities="com.example.myapplication.androidx-startup"
155-->[androidx.emoji2:emoji2:1.2.0] AndroidManifest.xml:26:13-68
156            android:exported="false" >
156-->[androidx.emoji2:emoji2:1.2.0] AndroidManifest.xml:27:13-37
157            <meta-data
157-->[androidx.emoji2:emoji2:1.2.0] AndroidManifest.xml:29:13-31:52
158                android:name="androidx.emoji2.text.EmojiCompatInitializer"
158-->[androidx.emoji2:emoji2:1.2.0] AndroidManifest.xml:30:17-75
159                android:value="androidx.startup" />
159-->[androidx.emoji2:emoji2:1.2.0] AndroidManifest.xml:31:17-49
160            <meta-data
160-->[androidx.lifecycle:lifecycle-process:2.6.2] AndroidManifest.xml:29:13-31:52
161                android:name="androidx.lifecycle.ProcessLifecycleInitializer"
161-->[androidx.lifecycle:lifecycle-process:2.6.2] AndroidManifest.xml:30:17-78
162                android:value="androidx.startup" />
162-->[androidx.lifecycle:lifecycle-process:2.6.2] AndroidManifest.xml:31:17-49
163            <meta-data
163-->[androidx.profileinstaller:profileinstaller:1.3.0] AndroidManifest.xml:29:13-31:52
164                android:name="androidx.profileinstaller.ProfileInstallerInitializer"
164-->[androidx.profileinstaller:profileinstaller:1.3.0] AndroidManifest.xml:30:17-85
165                android:value="androidx.startup" />
165-->[androidx.profileinstaller:profileinstaller:1.3.0] AndroidManifest.xml:31:17-49
166        </provider>
167
168        <activity
168-->[com.google.android.gms:play-services-base:18.1.0] AndroidManifest.xml:20:9-22:45
169            android:name="com.google.android.gms.common.api.GoogleApiActivity"
169-->[com.google.android.gms:play-services-base:18.1.0] AndroidManifest.xml:20:19-85
170            android:exported="false"
170-->[com.google.android.gms:play-services-base:18.1.0] AndroidManifest.xml:22:19-43
171            android:theme="@android:style/Theme.Translucent.NoTitleBar" />
171-->[com.google.android.gms:play-services-base:18.1.0] AndroidManifest.xml:21:19-78
172
173        <provider
173-->[com.google.firebase:firebase-common:20.4.2] AndroidManifest.xml:23:9-28:39
174            android:name="com.google.firebase.provider.FirebaseInitProvider"
174-->[com.google.firebase:firebase-common:20.4.2] AndroidManifest.xml:24:13-77
175            android:authorities="com.example.myapplication.firebaseinitprovider"
175-->[com.google.firebase:firebase-common:20.4.2] AndroidManifest.xml:25:13-72
176            android:directBootAware="true"
176-->[com.google.firebase:firebase-common:20.4.2] AndroidManifest.xml:26:13-43
177            android:exported="false"
177-->[com.google.firebase:firebase-common:20.4.2] AndroidManifest.xml:27:13-37
178            android:initOrder="100" />
178-->[com.google.firebase:firebase-common:20.4.2] AndroidManifest.xml:28:13-36
179
180        <meta-data
180-->[com.google.android.gms:play-services-basement:18.1.0] AndroidManifest.xml:21:9-23:69
181            android:name="com.google.android.gms.version"
181-->[com.google.android.gms:play-services-basement:18.1.0] AndroidManifest.xml:22:13-58
182            android:value="@integer/google_play_services_version" />
182-->[com.google.android.gms:play-services-basement:18.1.0] AndroidManifest.xml:23:13-66
183
184        <receiver
184-->[androidx.profileinstaller:profileinstaller:1.3.0] AndroidManifest.xml:34:9-52:20
185            android:name="androidx.profileinstaller.ProfileInstallReceiver"
185-->[androidx.profileinstaller:profileinstaller:1.3.0] AndroidManifest.xml:35:13-76
186            android:directBootAware="false"
186-->[androidx.profileinstaller:profileinstaller:1.3.0] AndroidManifest.xml:36:13-44
187            android:enabled="true"
187-->[androidx.profileinstaller:profileinstaller:1.3.0] AndroidManifest.xml:37:13-35
188            android:exported="true"
188-->[androidx.profileinstaller:profileinstaller:1.3.0] AndroidManifest.xml:38:13-36
189            android:permission="android.permission.DUMP" >
189-->[androidx.profileinstaller:profileinstaller:1.3.0] AndroidManifest.xml:39:13-57
190            <intent-filter>
190-->[androidx.profileinstaller:profileinstaller:1.3.0] AndroidManifest.xml:40:13-42:29
191                <action android:name="androidx.profileinstaller.action.INSTALL_PROFILE" />
191-->[androidx.profileinstaller:profileinstaller:1.3.0] AndroidManifest.xml:41:17-91
191-->[androidx.profileinstaller:profileinstaller:1.3.0] AndroidManifest.xml:41:25-88
192            </intent-filter>
193            <intent-filter>
193-->[androidx.profileinstaller:profileinstaller:1.3.0] AndroidManifest.xml:43:13-45:29
194                <action android:name="androidx.profileinstaller.action.SKIP_FILE" />
194-->[androidx.profileinstaller:profileinstaller:1.3.0] AndroidManifest.xml:44:17-85
194-->[androidx.profileinstaller:profileinstaller:1.3.0] AndroidManifest.xml:44:25-82
195            </intent-filter>
196            <intent-filter>
196-->[androidx.profileinstaller:profileinstaller:1.3.0] AndroidManifest.xml:46:13-48:29
197                <action android:name="androidx.profileinstaller.action.SAVE_PROFILE" />
197-->[androidx.profileinstaller:profileinstaller:1.3.0] AndroidManifest.xml:47:17-88
197-->[androidx.profileinstaller:profileinstaller:1.3.0] AndroidManifest.xml:47:25-85
198            </intent-filter>
199            <intent-filter>
199-->[androidx.profileinstaller:profileinstaller:1.3.0] AndroidManifest.xml:49:13-51:29
200                <action android:name="androidx.profileinstaller.action.BENCHMARK_OPERATION" />
200-->[androidx.profileinstaller:profileinstaller:1.3.0] AndroidManifest.xml:50:17-95
200-->[androidx.profileinstaller:profileinstaller:1.3.0] AndroidManifest.xml:50:25-92
201            </intent-filter>
202        </receiver>
203    </application>
204
205</manifest>